{"D:\\Learn\\UnitTest\\react16-redux\\src\\components\\Cart.js": {"path":"D:\\Learn\\UnitTest\\react16-redux\\src\\components\\Cart.js","statementMap":{"0":{"start":{"line":8,"column":4},"end":{"line":30,"column":6}},"1":{"start":{"line":13,"column":12},"end":{"line":25,"column":17}},"2":{"start":{"line":17,"column":31},"end":{"line":17,"column":63}},"3":{"start":{"line":22,"column":31},"end":{"line":22,"column":71}},"4":{"start":{"line":34,"column":24},"end":{"line":34,"column":62}},"5":{"start":{"line":34,"column":36},"end":{"line":34,"column":61}},"6":{"start":{"line":36,"column":27},"end":{"line":39,"column":2}},"7":{"start":{"line":36,"column":42},"end":{"line":39,"column":1}},"8":{"start":{"line":37,"column":29},"end":{"line":37,"column":54}},"9":{"start":{"line":38,"column":32},"end":{"line":38,"column":60}}},"fnMap":{"0":{"name":"(anonymous_0)","decl":{"start":{"line":7,"column":2},"end":{"line":7,"column":3}},"loc":{"start":{"line":7,"column":11},"end":{"line":31,"column":3}},"line":7},"1":{"name":"(anonymous_1)","decl":{"start":{"line":12,"column":31},"end":{"line":12,"column":32}},"loc":{"start":{"line":13,"column":12},"end":{"line":25,"column":17}},"line":13},"2":{"name":"(anonymous_2)","decl":{"start":{"line":17,"column":25},"end":{"line":17,"column":26}},"loc":{"start":{"line":17,"column":31},"end":{"line":17,"column":63}},"line":17},"3":{"name":"(anonymous_3)","decl":{"start":{"line":22,"column":25},"end":{"line":22,"column":26}},"loc":{"start":{"line":22,"column":31},"end":{"line":22,"column":71}},"line":22},"4":{"name":"(anonymous_4)","decl":{"start":{"line":34,"column":24},"end":{"line":34,"column":25}},"loc":{"start":{"line":34,"column":36},"end":{"line":34,"column":61}},"line":34},"5":{"name":"(anonymous_5)","decl":{"start":{"line":36,"column":27},"end":{"line":36,"column":28}},"loc":{"start":{"line":36,"column":42},"end":{"line":39,"column":1}},"line":36},"6":{"name":"(anonymous_6)","decl":{"start":{"line":37,"column":19},"end":{"line":37,"column":20}},"loc":{"start":{"line":37,"column":29},"end":{"line":37,"column":54}},"line":37},"7":{"name":"(anonymous_7)","decl":{"start":{"line":38,"column":24},"end":{"line":38,"column":25}},"loc":{"start":{"line":38,"column":32},"end":{"line":38,"column":60}},"line":38}},"branchMap":{},"s":{"0":0,"1":0,"2":0,"3":0,"4":1,"5":0,"6":1,"7":0,"8":0,"9":0},"f":{"0":0,"1":0,"2":0,"3":0,"4":0,"5":0,"6":0,"7":0},"b":{},"_coverageSchema":"1a1c01bbd47fc00a2c39e90264f33305004495a9","hash":"49c925717aeefd6864f5bb5b9ea84319034b28a9"}
,"D:\\Learn\\UnitTest\\react16-redux\\src\\components\\RecommendedItems.js": {"path":"D:\\Learn\\UnitTest\\react16-redux\\src\\components\\RecommendedItems.js","statementMap":{"0":{"start":{"line":4,"column":21},"end":{"line":8,"column":3}},"1":{"start":{"line":11,"column":4},"end":{"line":25,"column":6}},"2":{"start":{"line":16,"column":12},"end":{"line":21,"column":17}},"3":{"start":{"line":18,"column":37},"end":{"line":18,"column":69}}},"fnMap":{"0":{"name":"(anonymous_0)","decl":{"start":{"line":10,"column":2},"end":{"line":10,"column":3}},"loc":{"start":{"line":10,"column":11},"end":{"line":26,"column":3}},"line":10},"1":{"name":"(anonymous_1)","decl":{"start":{"line":15,"column":37},"end":{"line":15,"column":38}},"loc":{"start":{"line":16,"column":12},"end":{"line":21,"column":17}},"line":16},"2":{"name":"(anonymous_2)","decl":{"start":{"line":18,"column":31},"end":{"line":18,"column":32}},"loc":{"start":{"line":18,"column":37},"end":{"line":18,"column":69}},"line":18}},"branchMap":{},"s":{"0":0,"1":0,"2":0,"3":0},"f":{"0":0,"1":0,"2":0},"b":{},"_coverageSchema":"1a1c01bbd47fc00a2c39e90264f33305004495a9","hash":"645b0712f5bc7e05ccf92704d7f1e1c9b577ba70"}
,"D:\\Learn\\UnitTest\\react16-redux\\src\\redux\\store.js": {"path":"D:\\Learn\\UnitTest\\react16-redux\\src\\redux\\store.js","statementMap":{"0":{"start":{"line":5,"column":14},"end":{"line":7,"column":2}}},"fnMap":{},"branchMap":{},"s":{"0":0},"f":{},"b":{}}
,"D:\\Learn\\UnitTest\\react16-redux\\src\\redux\\slices\\cartSlice.js": {"path":"D:\\Learn\\UnitTest\\react16-redux\\src\\redux\\slices\\cartSlice.js","statementMap":{"0":{"start":{"line":3,"column":18},"end":{"line":30,"column":2}},"1":{"start":{"line":8,"column":27},"end":{"line":10,"column":7}},"2":{"start":{"line":9,"column":18},"end":{"line":9,"column":47}},"3":{"start":{"line":11,"column":6},"end":{"line":15,"column":7}},"4":{"start":{"line":12,"column":8},"end":{"line":12,"column":32}},"5":{"start":{"line":14,"column":8},"end":{"line":14,"column":57}},"6":{"start":{"line":18,"column":27},"end":{"line":20,"column":7}},"7":{"start":{"line":19,"column":18},"end":{"line":19,"column":44}},"8":{"start":{"line":21,"column":6},"end":{"line":27,"column":7}},"9":{"start":{"line":22,"column":8},"end":{"line":26,"column":9}},"10":{"start":{"line":23,"column":10},"end":{"line":23,"column":34}},"11":{"start":{"line":25,"column":10},"end":{"line":25,"column":79}},"12":{"start":{"line":25,"column":51},"end":{"line":25,"column":77}},"13":{"start":{"line":32,"column":45},"end":{"line":32,"column":62}}},"fnMap":{"0":{"name":"(anonymous_0)","decl":{"start":{"line":7,"column":15},"end":{"line":7,"column":16}},"loc":{"start":{"line":7,"column":34},"end":{"line":16,"column":5}},"line":7},"1":{"name":"(anonymous_1)","decl":{"start":{"line":9,"column":8},"end":{"line":9,"column":9}},"loc":{"start":{"line":9,"column":18},"end":{"line":9,"column":47}},"line":9},"2":{"name":"(anonymous_2)","decl":{"start":{"line":17,"column":20},"end":{"line":17,"column":21}},"loc":{"start":{"line":17,"column":39},"end":{"line":28,"column":5}},"line":17},"3":{"name":"(anonymous_3)","decl":{"start":{"line":19,"column":8},"end":{"line":19,"column":9}},"loc":{"start":{"line":19,"column":18},"end":{"line":19,"column":44}},"line":19},"4":{"name":"(anonymous_4)","decl":{"start":{"line":25,"column":41},"end":{"line":25,"column":42}},"loc":{"start":{"line":25,"column":51},"end":{"line":25,"column":77}},"line":25}},"branchMap":{"0":{"loc":{"start":{"line":11,"column":6},"end":{"line":15,"column":7}},"type":"if","locations":[{"start":{"line":11,"column":6},"end":{"line":15,"column":7}},{"start":{"line":13,"column":13},"end":{"line":15,"column":7}}],"line":11},"1":{"loc":{"start":{"line":21,"column":6},"end":{"line":27,"column":7}},"type":"if","locations":[{"start":{"line":21,"column":6},"end":{"line":27,"column":7}},{"start":{},"end":{}}],"line":21},"2":{"loc":{"start":{"line":22,"column":8},"end":{"line":26,"column":9}},"type":"if","locations":[{"start":{"line":22,"column":8},"end":{"line":26,"column":9}},{"start":{"line":24,"column":15},"end":{"line":26,"column":9}}],"line":22}},"s":{"0":2,"1":2,"2":1,"3":2,"4":1,"5":1,"6":2,"7":2,"8":2,"9":2,"10":1,"11":1,"12":1,"13":2},"f":{"0":2,"1":1,"2":2,"3":2,"4":1},"b":{"0":[1,1],"1":[2,0],"2":[1,1]},"_coverageSchema":"1a1c01bbd47fc00a2c39e90264f33305004495a9","hash":"7434b8dc6e8874d6c366e55271e1c0ba37cf3b55"}
}
