TN:
SF:src\components\Cart.js
FN:7,(anonymous_0)
FN:19,(anonymous_1)
FN:24,(anonymous_2)
FN:29,(anonymous_3)
FN:43,(anonymous_4)
FN:45,(anonymous_5)
FN:46,(anonymous_6)
FN:47,(anonymous_7)
FNF:8
FNH:0
FNDA:0,(anonymous_0)
FNDA:0,(anonymous_1)
FNDA:0,(anonymous_2)
FNDA:0,(anonymous_3)
FNDA:0,(anonymous_4)
FNDA:0,(anonymous_5)
FNDA:0,(anonymous_6)
FNDA:0,(anonymous_7)
DA:8,0
DA:10,0
DA:12,0
DA:20,0
DA:24,0
DA:29,0
DA:43,1
DA:45,1
DA:46,0
DA:47,0
LF:10
LH:2
BRDA:15,0,0,0
BRDA:15,0,1,0
BRDA:15,1,0,0
BRDA:15,1,1,0
BRF:4
BRH:0
end_of_record
TN:
SF:src\components\RecommendedItems.js
FN:10,(anonymous_0)
FN:15,(anonymous_1)
FN:18,(anonymous_2)
FNF:3
FNH:0
FNDA:0,(anonymous_0)
FNDA:0,(anonymous_1)
FNDA:0,(anonymous_2)
DA:4,0
DA:11,0
DA:16,0
DA:18,0
LF:4
LH:0
BRF:0
BRH:0
end_of_record
TN:
SF:src\redux\store.js
FNF:0
FNH:0
DA:5,0
LF:1
LH:0
BRF:0
BRH:0
end_of_record
TN:
SF:src\redux\slices\cartSlice.js
FN:7,(anonymous_0)
FN:9,(anonymous_1)
FN:17,(anonymous_2)
FN:19,(anonymous_3)
FN:25,(anonymous_4)
FNF:5
FNH:5
FNDA:2,(anonymous_0)
FNDA:1,(anonymous_1)
FNDA:2,(anonymous_2)
FNDA:2,(anonymous_3)
FNDA:1,(anonymous_4)
DA:3,2
DA:8,2
DA:9,1
DA:11,2
DA:12,1
DA:14,1
DA:18,2
DA:19,2
DA:21,2
DA:22,2
DA:23,1
DA:25,1
DA:32,2
LF:13
LH:13
BRDA:11,0,0,1
BRDA:11,0,1,1
BRDA:21,1,0,2
BRDA:21,1,1,0
BRDA:22,2,0,1
BRDA:22,2,1,1
BRF:6
BRH:5
end_of_record
